<?xml version='1.0'?>
<!DOCTYPE coverage SYSTEM "http://cobertura.sourceforge.net/xml/coverage-04.dtd">
<!-- Generated by simplecov-cobertura version 2.1.0 (https://github.com/dashingrocket/simplecov-cobertura) -->
<coverage line-rate="0.07" lines-covered="345" lines-valid="5180" complexity="0" version="0" timestamp="1732451374">
  <sources>
    <source>/Users/ashishkadam/projects/old/conciseph</source>
  </sources>
  <packages>
    <package name="Controllers" line-rate="0.0" complexity="0">
      <classes>
        <class name="admin_controller" filename="app/controllers/admin_controller.rb" line-rate="0.0" complexity="0">
          <methods/>
          <lines>
            <line number="3" hits="0"/>
            <line number="5" hits="0"/>
            <line number="6" hits="0"/>
            <line number="7" hits="0"/>
            <line number="8" hits="0"/>
            <line number="9" hits="0"/>
            <line number="10" hits="0"/>
            <line number="11" hits="0"/>
            <line number="12" hits="0"/>
            <line number="13" hits="0"/>
            <line number="14" hits="0"/>
            <line number="16" hits="0"/>
            <line number="18" hits="0"/>
            <line number="20" hits="0"/>
            <line number="22" hits="0"/>
            <line number="24" hits="0"/>
            <line number="26" hits="0"/>
            <line number="28" hits="0"/>
            <line number="30" hits="0"/>
            <line number="32" hits="0"/>
            <line number="34" hits="0"/>
            <line number="36" hits="0"/>
            <line number="38" hits="0"/>
            <line number="40" hits="0"/>
            <line number="42" hits="0"/>
            <line number="44" hits="0"/>
            <line number="45" hits="0"/>
            <line number="46" hits="0"/>
            <line number="48" hits="0"/>
            <line number="50" hits="0"/>
            <line number="52" hits="0"/>
            <line number="53" hits="0"/>
          </lines>
        </class>
        <class name="announcements_controller" filename="app/controllers/announcements_controller.rb" line-rate="0.0" complexity="0">
          <methods/>
          <lines>
            <line number="3" hits="0"/>
            <line number="5" hits="0"/>
            <line number="6" hits="0"/>
            <line number="7" hits="0"/>
            <line number="8" hits="0"/>
            <line number="9" hits="0"/>
            <line number="11" hits="0"/>
            <line number="12" hits="0"/>
            <line number="14" hits="0"/>
            <line number="15" hits="0"/>
            <line number="17" hits="0"/>
            <line number="18" hits="0"/>
            <line number="19" hits="0"/>
            <line number="20" hits="0"/>
            <line number="21" hits="0"/>
            <line number="22" hits="0"/>
            <line number="23" hits="0"/>
            <line number="24" hits="0"/>
            <line number="25" hits="0"/>
            <line number="26" hits="0"/>
            <line number="27" hits="0"/>
            <line number="28" hits="0"/>
            <line number="29" hits="0"/>
            <line number="31" hits="0"/>
            <line number="32" hits="0"/>
            <line number="33" hits="0"/>
            <line number="34" hits="0"/>
            <line number="35" hits="0"/>
            <line number="36" hits="0"/>
            <line number="37" hits="0"/>
            <line number="38" hits="0"/>
            <line number="39" hits="0"/>
            <line number="40" hits="0"/>
            <line number="41" hits="0"/>
            <line number="42" hits="0"/>
            <line number="43" hits="0"/>
            <line number="44" hits="0"/>
            <line number="45" hits="0"/>
            <line number="46" hits="0"/>
            <line number="48" hits="0"/>
            <line number="50" hits="0"/>
            <line number="51" hits="0"/>
            <line number="52" hits="0"/>
            <line number="53" hits="0"/>
            <line number="54" hits="0"/>
            <line number="55" hits="0"/>
            <line number="56" hits="0"/>
            <line number="57" hits="0"/>
            <line number="58" hits="0"/>
            <line number="59" hits="0"/>
            <line number="60" hits="0"/>
            <line number="61" hits="0"/>
            <line number="62" hits="0"/>
            <line number="63" hits="0"/>
            <line number="64" hits="0"/>
            <line number="65" hits="0"/>
            <line number="66" hits="0"/>
            <line number="67" hits="0"/>
            <line number="68" hits="0"/>
            <line number="70" hits="0"/>
            <line number="71" hits="0"/>
            <line number="72" hits="0"/>
            <line number="73" hits="0"/>
            <line number="75" hits="0"/>
            <line number="76" hits="0"/>
            <line number="77" hits="0"/>
            <line number="78" hits="0"/>
            <line number="80" hits="0"/>
            <line number="81" hits="0"/>
            <line number="82" hits="0"/>
            <line number="83" hits="0"/>
            <line number="84" hits="0"/>
            <line number="85" hits="0"/>
            <line number="86" hits="0"/>
            <line number="88" hits="0"/>
            <line number="89" hits="0"/>
            <line number="90" hits="0"/>
            <line number="91" hits="0"/>
            <line number="92" hits="0"/>
            <line number="93" hits="0"/>
            <line number="94" hits="0"/>
            <line number="96" hits="0"/>
            <line number="97" hits="0"/>
            <line number="98" hits="0"/>
            <line number="99" hits="0"/>
            <line number="100" hits="0"/>
            <line number="101" hits="0"/>
            <line number="102" hits="0"/>
            <line number="103" hits="0"/>
            <line number="104" hits="0"/>
            <line number="105" hits="0"/>
            <line number="106" hits="0"/>
            <line number="108" hits="0"/>
            <line number="109" hits="0"/>
            <line number="110" hits="0"/>
            <line number="113" hits="0"/>
            <line number="114" hits="0"/>
            <line number="115" hits="0"/>
            <line number="116" hits="0"/>
            <line number="117" hits="0"/>
            <line number="118" hits="0"/>
            <line number="119" hits="0"/>
            <line number="120" hits="0"/>
            <line number="121" hits="0"/>
            <line number="122" hits="0"/>
            <line number="123" hits="0"/>
            <line number="124" hits="0"/>
            <line number="125" hits="0"/>
            <line number="126" hits="0"/>
            <line number="129" hits="0"/>
            <line number="130" hits="0"/>
            <line number="132" hits="0"/>
            <line number="133" hits="0"/>
            <line number="134" hits="0"/>
            <line number="135" hits="0"/>
            <line number="136" hits="0"/>
            <line number="138" hits="0"/>
            <line number="140" hits="0"/>
            <line number="141" hits="0"/>
            <line number="142" hits="0"/>
            <line number="144" hits="0"/>
            <line number="145" hits="0"/>
            <line number="146" hits="0"/>
            <line number="147" hits="0"/>
            <line number="148" hits="0"/>
            <line number="149" hits="0"/>
            <line number="150" hits="0"/>
            <line number="151" hits="0"/>
            <line number="152" hits="0"/>
            <line number="153" hits="0"/>
            <line number="154" hits="0"/>
            <line number="155" hits="0"/>
            <line number="156" hits="0"/>
            <line number="157" hits="0"/>
            <line number="158" hits="0"/>
            <line number="159" hits="0"/>
            <line number="161" hits="0"/>
            <line number="162" hits="0"/>
            <line number="163" hits="0"/>
            <line number="164" hits="0"/>
          </lines>
        </class>
        <class name="allergies_controller" filename="app/controllers/api/v1/allergies_controller.rb" line-rate="0.0" complexity="0">
          <methods/>
          <lines>
            <line number="3" hits="0"/>
            <line number="4" hits="0"/>
            <line number="5" hits="0"/>
            <line number="6" hits="0"/>
            <line number="7" hits="0"/>
            <line number="8" hits="0"/>
            <line number="9" hits="0"/>
            <line number="10" hits="0"/>
            <line number="11" hits="0"/>
          </lines>
        </class>
        <class name="dashboards_controller" filename="app/controllers/api/v1/dashboards_controller.rb" line-rate="0.0" complexity="0">
          <methods/>
          <lines>
            <line number="3" hits="0"/>
            <line number="4" hits="0"/>
            <line number="5" hits="0"/>
            <line number="6" hits="0"/>
            <line number="8" hits="0"/>
            <line number="9" hits="0"/>
            <line number="10" hits="0"/>
            <line number="12" hits="0"/>
            <line number="14" hits="0"/>
            <line number="15" hits="0"/>
            <line number="16" hits="0"/>
            <line number="17" hits="0"/>
            <line number="18" hits="0"/>
            <line number="19" hits="0"/>
          </lines>
        </class>
        <class name="document_types_controller" filename="app/controllers/api/v1/document_types_controller.rb" line-rate="0.0" complexity="0">
          <methods/>
          <lines>
            <line number="3" hits="0"/>
            <line number="4" hits="0"/>
            <line number="5" hits="0"/>
            <line number="6" hits="0"/>
            <line number="7" hits="0"/>
            <line number="8" hits="0"/>
            <line number="9" hits="0"/>
            <line number="10" hits="0"/>
            <line number="11" hits="0"/>
          </lines>
        </class>
        <class name="feedbacks_controller" filename="app/controllers/api/v1/feedbacks_controller.rb" line-rate="0.0" complexity="0">
          <methods/>
          <lines>
            <line number="3" hits="0"/>
            <line number="4" hits="0"/>
            <line number="5" hits="0"/>
            <line number="27" hits="0"/>
            <line number="28" hits="0"/>
            <line number="29" hits="0"/>
            <line number="30" hits="0"/>
            <line number="31" hits="0"/>
            <line number="32" hits="0"/>
            <line number="33" hits="0"/>
            <line number="35" hits="0"/>
            <line number="36" hits="0"/>
            <line number="60" hits="0"/>
            <line number="63" hits="0"/>
            <line number="64" hits="0"/>
            <line number="65" hits="0"/>
            <line number="66" hits="0"/>
            <line number="67" hits="0"/>
            <line number="68" hits="0"/>
          </lines>
        </class>
        <class name="immunizations_controller" filename="app/controllers/api/v1/immunizations_controller.rb" line-rate="0.0" complexity="0">
          <methods/>
          <lines>
            <line number="3" hits="0"/>
            <line number="4" hits="0"/>
            <line number="5" hits="0"/>
            <line number="6" hits="0"/>
            <line number="7" hits="0"/>
            <line number="8" hits="0"/>
            <line number="9" hits="0"/>
            <line number="10" hits="0"/>
            <line number="11" hits="0"/>
          </lines>
        </class>
        <class name="insurance_types_controller" filename="app/controllers/api/v1/insurance_types_controller.rb" line-rate="0.0" complexity="0">
          <methods/>
          <lines>
            <line number="3" hits="0"/>
            <line number="4" hits="0"/>
            <line number="5" hits="0"/>
            <line number="6" hits="0"/>
            <line number="7" hits="0"/>
            <line number="8" hits="0"/>
            <line number="9" hits="0"/>
            <line number="10" hits="0"/>
            <line number="11" hits="0"/>
          </lines>
        </class>
        <class name="medications_controller" filename="app/controllers/api/v1/medications_controller.rb" line-rate="0.0" complexity="0">
          <methods/>
          <lines>
            <line number="3" hits="0"/>
            <line number="4" hits="0"/>
            <line number="5" hits="0"/>
            <line number="6" hits="0"/>
            <line number="7" hits="0"/>
            <line number="8" hits="0"/>
            <line number="10" hits="0"/>
            <line number="12" hits="0"/>
            <line number="13" hits="0"/>
            <line number="14" hits="0"/>
            <line number="15" hits="0"/>
            <line number="17" hits="0"/>
            <line number="18" hits="0"/>
            <line number="20" hits="0"/>
            <line number="21" hits="0"/>
            <line number="23" hits="0"/>
            <line number="31" hits="0"/>
            <line number="33" hits="0"/>
            <line number="34" hits="0"/>
            <line number="36" hits="0"/>
            <line number="37" hits="0"/>
            <line number="38" hits="0"/>
            <line number="40" hits="0"/>
            <line number="41" hits="0"/>
            <line number="43" hits="0"/>
            <line number="44" hits="0"/>
            <line number="45" hits="0"/>
            <line number="46" hits="0"/>
            <line number="47" hits="0"/>
            <line number="48" hits="0"/>
            <line number="50" hits="0"/>
            <line number="51" hits="0"/>
            <line number="52" hits="0"/>
            <line number="53" hits="0"/>
            <line number="54" hits="0"/>
            <line number="55" hits="0"/>
            <line number="56" hits="0"/>
            <line number="57" hits="0"/>
            <line number="59" hits="0"/>
            <line number="60" hits="0"/>
            <line number="61" hits="0"/>
            <line number="63" hits="0"/>
            <line number="64" hits="0"/>
            <line number="65" hits="0"/>
            <line number="67" hits="0"/>
            <line number="68" hits="0"/>
            <line number="69" hits="0"/>
            <line number="70" hits="0"/>
            <line number="71" hits="0"/>
            <line number="75" hits="0"/>
            <line number="76" hits="0"/>
            <line number="77" hits="0"/>
            <line number="78" hits="0"/>
            <line number="79" hits="0"/>
          </lines>
        </class>
        <class name="announcements_controller" filename="app/controllers/api/v1/overseers/announcements_controller.rb" line-rate="0.0" complexity="0">
          <methods/>
          <lines>
            <line number="3" hits="0"/>
            <line number="4" hits="0"/>
            <line number="5" hits="0"/>
            <line number="6" hits="0"/>
            <line number="7" hits="0"/>
            <line number="8" hits="0"/>
            <line number="9" hits="0"/>
            <line number="10" hits="0"/>
            <line number="11" hits="0"/>
            <line number="12" hits="0"/>
            <line number="13" hits="0"/>
          </lines>
        </class>
        <class name="api_controller" filename="app/controllers/api/v1/overseers/api_controller.rb" line-rate="0.0" complexity="0">
          <methods/>
          <lines>
            <line number="3" hits="0"/>
            <line number="4" hits="0"/>
            <line number="5" hits="0"/>
            <line number="6" hits="0"/>
            <line number="7" hits="0"/>
            <line number="8" hits="0"/>
            <line number="9" hits="0"/>
            <line number="10" hits="0"/>
            <line number="11" hits="0"/>
            <line number="13" hits="0"/>
            <line number="15" hits="0"/>
            <line number="16" hits="0"/>
            <line number="17" hits="0"/>
            <line number="18" hits="0"/>
            <line number="19" hits="0"/>
            <line number="20" hits="0"/>
            <line number="21" hits="0"/>
            <line number="22" hits="0"/>
            <line number="23" hits="0"/>
            <line number="24" hits="0"/>
            <line number="25" hits="0"/>
            <line number="26" hits="0"/>
            <line number="27" hits="0"/>
            <line number="28" hits="0"/>
            <line number="29" hits="0"/>
            <line number="30" hits="0"/>
            <line number="31" hits="0"/>
            <line number="32" hits="0"/>
            <line number="34" hits="0"/>
            <line number="35" hits="0"/>
            <line number="36" hits="0"/>
            <line number="37" hits="0"/>
            <line number="39" hits="0"/>
            <line number="40" hits="0"/>
            <line number="41" hits="0"/>
            <line number="42" hits="0"/>
            <line number="43" hits="0"/>
            <line number="44" hits="0"/>
            <line number="45" hits="0"/>
            <line number="46" hits="0"/>
            <line number="48" hits="0"/>
            <line number="49" hits="0"/>
            <line number="50" hits="0"/>
            <line number="51" hits="0"/>
            <line number="52" hits="0"/>
            <line number="53" hits="0"/>
            <line number="55" hits="0"/>
            <line number="56" hits="0"/>
            <line number="57" hits="0"/>
            <line number="58" hits="0"/>
            <line number="59" hits="0"/>
            <line number="60" hits="0"/>
            <line number="61" hits="0"/>
            <line number="62" hits="0"/>
            <line number="63" hits="0"/>
          </lines>
        </class>
        <class name="compliances_controller" filename="app/controllers/api/v1/overseers/compliances_controller.rb" line-rate="0.0" complexity="0">
          <methods/>
          <lines>
            <line number="3" hits="0"/>
            <line number="4" hits="0"/>
            <line number="5" hits="0"/>
            <line number="6" hits="0"/>
            <line number="7" hits="0"/>
            <line number="8" hits="0"/>
            <line number="9" hits="0"/>
            <line number="10" hits="0"/>
            <line number="11" hits="0"/>
            <line number="12" hits="0"/>
            <line number="13" hits="0"/>
          </lines>
        </class>
        <class name="goals_controller" filename="app/controllers/api/v1/overseers/goals_controller.rb" line-rate="0.0" complexity="0">
          <methods/>
          <lines>
            <line number="3" hits="0"/>
            <line number="4" hits="0"/>
            <line number="5" hits="0"/>
            <line number="6" hits="0"/>
            <line number="7" hits="0"/>
            <line number="8" hits="0"/>
            <line number="9" hits="0"/>
            <line number="10" hits="0"/>
            <line number="11" hits="0"/>
            <line number="12" hits="0"/>
            <line number="13" hits="0"/>
          </lines>
        </class>
        <class name="health_educations_controller" filename="app/controllers/api/v1/overseers/health_educations_controller.rb" line-rate="0.0" complexity="0">
          <methods/>
          <lines>
            <line number="3" hits="0"/>
            <line number="4" hits="0"/>
            <line number="5" hits="0"/>
            <line number="6" hits="0"/>
            <line number="7" hits="0"/>
            <line number="8" hits="0"/>
            <line number="9" hits="0"/>
            <line number="10" hits="0"/>
            <line number="11" hits="0"/>
            <line number="12" hits="0"/>
            <line number="13" hits="0"/>
          </lines>
        </class>
        <class name="health_events_controller" filename="app/controllers/api/v1/overseers/health_events_controller.rb" line-rate="0.0" complexity="0">
          <methods/>
          <lines>
            <line number="3" hits="0"/>
            <line number="4" hits="0"/>
            <line number="5" hits="0"/>
            <line number="6" hits="0"/>
            <line number="7" hits="0"/>
            <line number="8" hits="0"/>
            <line number="9" hits="0"/>
            <line number="10" hits="0"/>
            <line number="11" hits="0"/>
            <line number="12" hits="0"/>
            <line number="13" hits="0"/>
          </lines>
        </class>
        <class name="medications_controller" filename="app/controllers/api/v1/overseers/medications_controller.rb" line-rate="0.0" complexity="0">
          <methods/>
          <lines>
            <line number="3" hits="0"/>
            <line number="4" hits="0"/>
            <line number="5" hits="0"/>
            <line number="6" hits="0"/>
            <line number="7" hits="0"/>
            <line number="8" hits="0"/>
            <line number="9" hits="0"/>
            <line number="10" hits="0"/>
            <line number="11" hits="0"/>
            <line number="12" hits="0"/>
            <line number="13" hits="0"/>
          </lines>
        </class>
        <class name="member_compliances_controller" filename="app/controllers/api/v1/overseers/member_compliances_controller.rb" line-rate="0.0" complexity="0">
          <methods/>
          <lines>
            <line number="3" hits="0"/>
            <line number="4" hits="0"/>
            <line number="5" hits="0"/>
            <line number="6" hits="0"/>
            <line number="7" hits="0"/>
            <line number="8" hits="0"/>
            <line number="9" hits="0"/>
            <line number="10" hits="0"/>
            <line number="11" hits="0"/>
            <line number="12" hits="0"/>
            <line number="13" hits="0"/>
          </lines>
        </class>
        <class name="member_feedbacks_controller" filename="app/controllers/api/v1/overseers/member_feedbacks_controller.rb" line-rate="0.0" complexity="0">
          <methods/>
          <lines>
            <line number="3" hits="0"/>
            <line number="4" hits="0"/>
            <line number="5" hits="0"/>
            <line number="6" hits="0"/>
            <line number="7" hits="0"/>
            <line number="8" hits="0"/>
            <line number="9" hits="0"/>
            <line number="10" hits="0"/>
            <line number="11" hits="0"/>
            <line number="12" hits="0"/>
            <line number="13" hits="0"/>
          </lines>
        </class>
        <class name="members_controller" filename="app/controllers/api/v1/overseers/members_controller.rb" line-rate="0.0" complexity="0">
          <methods/>
          <lines>
            <line number="3" hits="0"/>
            <line number="4" hits="0"/>
            <line number="5" hits="0"/>
            <line number="6" hits="0"/>
            <line number="7" hits="0"/>
            <line number="8" hits="0"/>
            <line number="9" hits="0"/>
            <line number="10" hits="0"/>
            <line number="11" hits="0"/>
            <line number="12" hits="0"/>
            <line number="13" hits="0"/>
          </lines>
        </class>
        <class name="overseer_auth_controller" filename="app/controllers/api/v1/overseers/overseer_auth_controller.rb" line-rate="0.0" complexity="0">
          <methods/>
          <lines>
            <line number="3" hits="0"/>
            <line number="4" hits="0"/>
            <line number="5" hits="0"/>
            <line number="6" hits="0"/>
            <line number="7" hits="0"/>
            <line number="9" hits="0"/>
            <line number="10" hits="0"/>
            <line number="11" hits="0"/>
            <line number="12" hits="0"/>
            <line number="13" hits="0"/>
            <line number="14" hits="0"/>
            <line number="15" hits="0"/>
            <line number="16" hits="0"/>
            <line number="17" hits="0"/>
            <line number="19" hits="0"/>
            <line number="21" hits="0"/>
            <line number="22" hits="0"/>
            <line number="23" hits="0"/>
            <line number="24" hits="0"/>
            <line number="25" hits="0"/>
            <line number="26" hits="0"/>
            <line number="27" hits="0"/>
            <line number="28" hits="0"/>
          </lines>
        </class>
        <class name="support_needs_controller" filename="app/controllers/api/v1/overseers/support_needs_controller.rb" line-rate="0.0" complexity="0">
          <methods/>
          <lines>
            <line number="3" hits="0"/>
            <line number="4" hits="0"/>
            <line number="5" hits="0"/>
            <line number="6" hits="0"/>
            <line number="7" hits="0"/>
            <line number="8" hits="0"/>
            <line number="9" hits="0"/>
            <line number="10" hits="0"/>
            <line number="11" hits="0"/>
            <line number="12" hits="0"/>
            <line number="13" hits="0"/>
          </lines>
        </class>
        <class name="timely_recovery_goals_controller" filename="app/controllers/api/v1/overseers/timely_recovery_goals_controller.rb" line-rate="0.0" complexity="0">
          <methods/>
          <lines>
            <line number="3" hits="0"/>
            <line number="4" hits="0"/>
            <line number="5" hits="0"/>
            <line number="6" hits="0"/>
            <line number="7" hits="0"/>
            <line number="8" hits="0"/>
            <line number="9" hits="0"/>
            <line number="10" hits="0"/>
            <line number="11" hits="0"/>
            <line number="12" hits="0"/>
            <line number="13" hits="0"/>
          </lines>
        </class>
        <class name="payment_types_controller" filename="app/controllers/api/v1/payment_types_controller.rb" line-rate="0.0" complexity="0">
          <methods/>
          <lines>
            <line number="3" hits="0"/>
            <line number="4" hits="0"/>
            <line number="5" hits="0"/>
            <line number="6" hits="0"/>
            <line number="7" hits="0"/>
            <line number="8" hits="0"/>
            <line number="9" hits="0"/>
            <line number="10" hits="0"/>
            <line number="11" hits="0"/>
          </lines>
        </class>
        <class name="payments_controller" filename="app/controllers/api/v1/payments_controller.rb" line-rate="0.0" complexity="0">
          <methods/>
          <lines>
            <line number="3" hits="0"/>
            <line number="4" hits="0"/>
            <line number="5" hits="0"/>
            <line number="6" hits="0"/>
            <line number="7" hits="0"/>
            <line number="9" hits="0"/>
            <line number="12" hits="0"/>
            <line number="15" hits="0"/>
            <line number="16" hits="0"/>
            <line number="17" hits="0"/>
            <line number="18" hits="0"/>
            <line number="19" hits="0"/>
            <line number="21" hits="0"/>
            <line number="22" hits="0"/>
            <line number="23" hits="0"/>
            <line number="24" hits="0"/>
            <line number="25" hits="0"/>
            <line number="27" hits="0"/>
            <line number="29" hits="0"/>
            <line number="30" hits="0"/>
            <line number="31" hits="0"/>
            <line number="32" hits="0"/>
            <line number="34" hits="0"/>
            <line number="36" hits="0"/>
            <line number="37" hits="0"/>
            <line number="38" hits="0"/>
            <line number="39" hits="0"/>
            <line number="40" hits="0"/>
            <line number="41" hits="0"/>
            <line number="42" hits="0"/>
          </lines>
        </class>
        <class name="pet_service_providers_controller" filename="app/controllers/api/v1/pet_service_providers_controller.rb" line-rate="0.0" complexity="0">
          <methods/>
          <lines>
            <line number="3" hits="0"/>
            <line number="4" hits="0"/>
            <line number="5" hits="0"/>
            <line number="6" hits="0"/>
            <line number="7" hits="0"/>
            <line number="8" hits="0"/>
            <line number="9" hits="0"/>
            <line number="10" hits="0"/>
            <line number="11" hits="0"/>
          </lines>
        </class>
        <class name="refers_controller" filename="app/controllers/api/v1/refers_controller.rb" line-rate="0.0" complexity="0">
          <methods/>
          <lines>
            <line number="3" hits="0"/>
            <line number="4" hits="0"/>
            <line number="5" hits="0"/>
            <line number="6" hits="0"/>
            <line number="7" hits="0"/>
            <line number="8" hits="0"/>
            <line number="9" hits="0"/>
            <line number="10" hits="0"/>
            <line number="11" hits="0"/>
          </lines>
        </class>
        <class name="specialities_controller" filename="app/controllers/api/v1/specialities_controller.rb" line-rate="0.0" complexity="0">
          <methods/>
          <lines>
            <line number="3" hits="0"/>
            <line number="4" hits="0"/>
            <line number="5" hits="0"/>
            <line number="6" hits="0"/>
            <line number="7" hits="0"/>
            <line number="8" hits="0"/>
            <line number="9" hits="0"/>
            <line number="10" hits="0"/>
            <line number="11" hits="0"/>
          </lines>
        </class>
        <class name="states_controller" filename="app/controllers/api/v1/states_controller.rb" line-rate="0.0" complexity="0">
          <methods/>
          <lines>
            <line number="3" hits="0"/>
            <line number="4" hits="0"/>
            <line number="5" hits="0"/>
            <line number="6" hits="0"/>
            <line number="7" hits="0"/>
            <line number="8" hits="0"/>
            <line number="9" hits="0"/>
            <line number="10" hits="0"/>
            <line number="11" hits="0"/>
          </lines>
        </class>
        <class name="support_needs_controller" filename="app/controllers/api/v1/support_needs_controller.rb" line-rate="0.0" complexity="0">
          <methods/>
          <lines>
            <line number="3" hits="0"/>
            <line number="4" hits="0"/>
            <line number="5" hits="0"/>
            <line number="6" hits="0"/>
            <line number="7" hits="0"/>
            <line number="8" hits="0"/>
            <line number="9" hits="0"/>
            <line number="10" hits="0"/>
            <line number="12" hits="0"/>
            <line number="13" hits="0"/>
            <line number="14" hits="0"/>
            <line number="16" hits="0"/>
            <line number="17" hits="0"/>
            <line number="19" hits="0"/>
            <line number="20" hits="0"/>
            <line number="22" hits="0"/>
            <line number="23" hits="0"/>
            <line number="24" hits="0"/>
            <line number="25" hits="0"/>
            <line number="26" hits="0"/>
            <line number="27" hits="0"/>
            <line number="29" hits="0"/>
            <line number="31" hits="0"/>
            <line number="32" hits="0"/>
            <line number="33" hits="0"/>
            <line number="35" hits="0"/>
            <line number="36" hits="0"/>
            <line number="37" hits="0"/>
            <line number="39" hits="0"/>
            <line number="40" hits="0"/>
            <line number="41" hits="0"/>
            <line number="42" hits="0"/>
            <line number="43" hits="0"/>
            <line number="44" hits="0"/>
            <line number="45" hits="0"/>
            <line number="46" hits="0"/>
            <line number="47" hits="0"/>
          </lines>
        </class>
        <class name="symptoms_controller" filename="app/controllers/api/v1/symptoms_controller.rb" line-rate="0.0" complexity="0">
          <methods/>
          <lines>
            <line number="3" hits="0"/>
            <line number="4" hits="0"/>
            <line number="5" hits="0"/>
            <line number="6" hits="0"/>
            <line number="7" hits="0"/>
            <line number="8" hits="0"/>
            <line number="9" hits="0"/>
            <line number="10" hits="0"/>
            <line number="11" hits="0"/>
            <line number="12" hits="0"/>
          </lines>
        </class>
        <class name="timely_recovery_goals_controller" filename="app/controllers/api/v1/timely_recovery_goals_controller.rb" line-rate="0.0" complexity="0">
          <methods/>
          <lines>
            <line number="3" hits="0"/>
            <line number="4" hits="0"/>
            <line number="5" hits="0"/>
            <line number="6" hits="0"/>
            <line number="7" hits="0"/>
            <line number="8" hits="0"/>
            <line number="9" hits="0"/>
            <line number="10" hits="0"/>
            <line number="11" hits="0"/>
            <line number="12" hits="0"/>
            <line number="14" hits="0"/>
            <line number="15" hits="0"/>
            <line number="17" hits="0"/>
            <line number="18" hits="0"/>
            <line number="19" hits="0"/>
            <line number="21" hits="0"/>
            <line number="22" hits="0"/>
            <line number="23" hits="0"/>
            <line number="24" hits="0"/>
            <line number="25" hits="0"/>
            <line number="26" hits="0"/>
          </lines>
        </class>
        <class name="trackings_controller" filename="app/controllers/api/v1/trackings_controller.rb" line-rate="0.0" complexity="0">
          <methods/>
          <lines>
            <line number="3" hits="0"/>
            <line number="4" hits="0"/>
            <line number="5" hits="0"/>
            <line number="8" hits="0"/>
            <line number="9" hits="0"/>
            <line number="10" hits="0"/>
            <line number="11" hits="0"/>
            <line number="12" hits="0"/>
            <line number="14" hits="0"/>
            <line number="15" hits="0"/>
            <line number="16" hits="0"/>
            <line number="17" hits="0"/>
            <line number="18" hits="0"/>
            <line number="19" hits="0"/>
            <line number="20" hits="0"/>
            <line number="21" hits="0"/>
            <line number="22" hits="0"/>
            <line number="23" hits="0"/>
            <line number="24" hits="0"/>
            <line number="25" hits="0"/>
            <line number="26" hits="0"/>
            <line number="27" hits="0"/>
            <line number="28" hits="0"/>
            <line number="29" hits="0"/>
            <line number="30" hits="0"/>
            <line number="31" hits="0"/>
          </lines>
        </class>
        <class name="user_action_steps_controller" filename="app/controllers/api/v1/user_action_steps_controller.rb" line-rate="0.0" complexity="0">
          <methods/>
          <lines>
            <line number="5" hits="0"/>
            <line number="6" hits="0"/>
            <line number="7" hits="0"/>
            <line number="8" hits="0"/>
            <line number="10" hits="0"/>
            <line number="11" hits="0"/>
            <line number="13" hits="0"/>
            <line number="14" hits="0"/>
            <line number="15" hits="0"/>
            <line number="16" hits="0"/>
            <line number="17" hits="0"/>
            <line number="18" hits="0"/>
            <line number="19" hits="0"/>
            <line number="21" hits="0"/>
            <line number="22" hits="0"/>
            <line number="23" hits="0"/>
            <line number="24" hits="0"/>
            <line number="25" hits="0"/>
            <line number="27" hits="0"/>
            <line number="28" hits="0"/>
            <line number="29" hits="0"/>
            <line number="30" hits="0"/>
            <line number="31" hits="0"/>
            <line number="32" hits="0"/>
          </lines>
        </class>
        <class name="user_actions_controller" filename="app/controllers/api/v1/user_actions_controller.rb" line-rate="0.0" complexity="0">
          <methods/>
          <lines>
            <line number="3" hits="0"/>
            <line number="4" hits="0"/>
            <line number="5" hits="0"/>
            <line number="6" hits="0"/>
            <line number="7" hits="0"/>
            <line number="8" hits="0"/>
            <line number="10" hits="0"/>
            <line number="11" hits="0"/>
            <line number="13" hits="0"/>
            <line number="14" hits="0"/>
            <line number="16" hits="0"/>
            <line number="17" hits="0"/>
            <line number="19" hits="0"/>
            <line number="20" hits="0"/>
            <line number="22" hits="0"/>
            <line number="23" hits="0"/>
            <line number="25" hits="0"/>
            <line number="26" hits="0"/>
            <line number="28" hits="0"/>
            <line number="30" hits="0"/>
            <line number="31" hits="0"/>
            <line number="32" hits="0"/>
            <line number="33" hits="0"/>
            <line number="34" hits="0"/>
            <line number="35" hits="0"/>
            <line number="37" hits="0"/>
            <line number="38" hits="0"/>
            <line number="39" hits="0"/>
            <line number="40" hits="0"/>
            <line number="41" hits="0"/>
            <line number="42" hits="0"/>
            <line number="44" hits="0"/>
            <line number="45" hits="0"/>
            <line number="46" hits="0"/>
            <line number="47" hits="0"/>
            <line number="48" hits="0"/>
            <line number="49" hits="0"/>
            <line number="50" hits="0"/>
            <line number="52" hits="0"/>
            <line number="54" hits="0"/>
            <line number="55" hits="0"/>
            <line number="56" hits="0"/>
            <line number="58" hits="0"/>
            <line number="59" hits="0"/>
            <line number="60" hits="0"/>
            <line number="62" hits="0"/>
            <line number="63" hits="0"/>
            <line number="64" hits="0"/>
            <line number="65" hits="0"/>
            <line number="66" hits="0"/>
            <line number="67" hits="0"/>
          </lines>
        </class>
        <class name="users_controller" filename="app/controllers/api/v1/users_controller.rb" line-rate="0.0" complexity="0">
          <methods/>
          <lines>
            <line number="3" hits="0"/>
            <line number="4" hits="0"/>
            <line number="5" hits="0"/>
            <line number="7" hits="0"/>
            <line number="8" hits="0"/>
            <line number="9" hits="0"/>
            <line number="10" hits="0"/>
            <line number="11" hits="0"/>
            <line number="12" hits="0"/>
            <line number="13" hits="0"/>
            <line number="14" hits="0"/>
            <line number="15" hits="0"/>
            <line number="17" hits="0"/>
            <line number="18" hits="0"/>
            <line number="19" hits="0"/>
            <line number="20" hits="0"/>
            <line number="21" hits="0"/>
            <line number="23" hits="0"/>
            <line number="24" hits="0"/>
            <line number="25" hits="0"/>
            <line number="26" hits="0"/>
            <line number="27" hits="0"/>
            <line number="28" hits="0"/>
            <line number="29" hits="0"/>
            <line number="30" hits="0"/>
            <line number="32" hits="0"/>
            <line number="34" hits="0"/>
            <line number="35" hits="0"/>
            <line number="36" hits="0"/>
            <line number="37" hits="0"/>
            <line number="38" hits="0"/>
            <line number="40" hits="0"/>
            <line number="41" hits="0"/>
            <line number="42" hits="0"/>
            <line number="43" hits="0"/>
            <line number="44" hits="0"/>
            <line number="45" hits="0"/>
            <line number="47" hits="0"/>
            <line number="48" hits="0"/>
            <line number="49" hits="0"/>
            <line number="50" hits="0"/>
            <line number="52" hits="0"/>
            <line number="53" hits="0"/>
            <line number="54" hits="0"/>
            <line number="55" hits="0"/>
            <line number="56" hits="0"/>
            <line number="57" hits="0"/>
            <line number="58" hits="0"/>
            <line number="60" hits="0"/>
            <line number="61" hits="0"/>
            <line number="62" hits="0"/>
            <line number="63" hits="0"/>
            <line number="64" hits="0"/>
            <line number="66" hits="0"/>
            <line number="68" hits="0"/>
            <line number="70" hits="0"/>
            <line number="71" hits="0"/>
            <line number="73" hits="0"/>
            <line number="75" hits="0"/>
            <line number="76" hits="0"/>
            <line number="77" hits="0"/>
            <line number="79" hits="0"/>
            <line number="80" hits="0"/>
            <line number="81" hits="0"/>
            <line number="82" hits="0"/>
            <line number="83" hits="0"/>
            <line number="85" hits="0"/>
            <line number="86" hits="0"/>
            <line number="87" hits="0"/>
            <line number="89" hits="0"/>
            <line number="90" hits="0"/>
            <line number="92" hits="0"/>
            <line number="93" hits="0"/>
            <line number="94" hits="0"/>
            <line number="95" hits="0"/>
            <line number="96" hits="0"/>
            <line number="97" hits="0"/>
            <line number="98" hits="0"/>
            <line number="99" hits="0"/>
            <line number="100" hits="0"/>
            <line number="101" hits="0"/>
          </lines>
        </class>
        <class name="visit_types_controller" filename="app/controllers/api/v1/visit_types_controller.rb" line-rate="0.0" complexity="0">
          <methods/>
          <lines>
            <line number="3" hits="0"/>
            <line number="4" hits="0"/>
            <line number="5" hits="0"/>
            <line number="6" hits="0"/>
            <line number="7" hits="0"/>
            <line number="8" hits="0"/>
            <line number="9" hits="0"/>
            <line number="10" hits="0"/>
            <line number="11" hits="0"/>
          </lines>
        </class>
        <class name="vitals_controller" filename="app/controllers/api/v1/vitals_controller.rb" line-rate="0.0" complexity="0">
          <methods/>
          <lines>
            <line number="3" hits="0"/>
            <line number="4" hits="0"/>
            <line number="5" hits="0"/>
            <line number="6" hits="0"/>
            <line number="7" hits="0"/>
            <line number="8" hits="0"/>
            <line number="9" hits="0"/>
            <line number="10" hits="0"/>
            <line number="12" hits="0"/>
            <line number="13" hits="0"/>
            <line number="15" hits="0"/>
            <line number="16" hits="0"/>
            <line number="18" hits="0"/>
            <line number="19" hits="0"/>
            <line number="20" hits="0"/>
            <line number="21" hits="0"/>
            <line number="22" hits="0"/>
            <line number="23" hits="0"/>
            <line number="25" hits="0"/>
            <line number="27" hits="0"/>
            <line number="28" hits="0"/>
            <line number="29" hits="0"/>
            <line number="31" hits="0"/>
            <line number="32" hits="0"/>
            <line number="33" hits="0"/>
            <line number="35" hits="0"/>
            <line number="36" hits="0"/>
            <line number="37" hits="0"/>
            <line number="39" hits="0"/>
            <line number="40" hits="0"/>
            <line number="41" hits="0"/>
            <line number="42" hits="0"/>
            <line number="43" hits="0"/>
            <line number="44" hits="0"/>
            <line number="45" hits="0"/>
          </lines>
        </class>
        <class name="api_controller" filename="app/controllers/api_controller.rb" line-rate="0.0" complexity="0">
          <methods/>
          <lines>
            <line number="3" hits="0"/>
            <line number="5" hits="0"/>
            <line number="6" hits="0"/>
            <line number="7" hits="0"/>
            <line number="8" hits="0"/>
            <line number="9" hits="0"/>
            <line number="10" hits="0"/>
            <line number="11" hits="0"/>
            <line number="12" hits="0"/>
            <line number="13" hits="0"/>
            <line number="15" hits="0"/>
            <line number="16" hits="0"/>
            <line number="18" hits="0"/>
            <line number="19" hits="0"/>
            <line number="21" hits="0"/>
            <line number="22" hits="0"/>
            <line number="24" hits="0"/>
            <line number="25" hits="0"/>
            <line number="27" hits="0"/>
            <line number="28" hits="0"/>
            <line number="30" hits="0"/>
            <line number="31" hits="0"/>
            <line number="32" hits="0"/>
            <line number="33" hits="0"/>
          </lines>
        </class>
        <class name="api_logs_controller" filename="app/controllers/api_logs_controller.rb" line-rate="0.0" complexity="0">
          <methods/>
          <lines>
            <line number="3" hits="0"/>
            <line number="4" hits="0"/>
            <line number="5" hits="0"/>
            <line number="6" hits="0"/>
            <line number="7" hits="0"/>
            <line number="8" hits="0"/>
            <line number="9" hits="0"/>
            <line number="11" hits="0"/>
            <line number="13" hits="0"/>
            <line number="15" hits="0"/>
            <line number="16" hits="0"/>
            <line number="17" hits="0"/>
            <line number="19" hits="0"/>
            <line number="20" hits="0"/>
            <line number="21" hits="0"/>
            <line number="22" hits="0"/>
          </lines>
        </class>
        <class name="application_controller" filename="app/controllers/application_controller.rb" line-rate="0.0" complexity="0">
          <methods/>
          <lines>
            <line number="3" hits="0"/>
            <line number="4" hits="0"/>
            <line number="5" hits="0"/>
            <line number="7" hits="0"/>
            <line number="8" hits="0"/>
            <line number="9" hits="0"/>
            <line number="10" hits="0"/>
            <line number="11" hits="0"/>
            <line number="12" hits="0"/>
            <line number="16" hits="0"/>
            <line number="17" hits="0"/>
            <line number="18" hits="0"/>
            <line number="20" hits="0"/>
            <line number="21" hits="0"/>
            <line number="23" hits="0"/>
            <line number="24" hits="0"/>
            <line number="25" hits="0"/>
            <line number="26" hits="0"/>
            <line number="27" hits="0"/>
            <line number="28" hits="0"/>
            <line number="29" hits="0"/>
            <line number="30" hits="0"/>
            <line number="32" hits="0"/>
            <line number="33" hits="0"/>
            <line number="39" hits="0"/>
            <line number="40" hits="0"/>
            <line number="41" hits="0"/>
            <line number="42" hits="0"/>
            <line number="43" hits="0"/>
            <line number="44" hits="0"/>
            <line number="45" hits="0"/>
            <line number="46" hits="0"/>
            <line number="47" hits="0"/>
            <line number="48" hits="0"/>
            <line number="49" hits="0"/>
            <line number="51" hits="0"/>
            <line number="53" hits="0"/>
            <line number="54" hits="0"/>
            <line number="56" hits="0"/>
            <line number="57" hits="0"/>
            <line number="58" hits="0"/>
            <line number="59" hits="0"/>
            <line number="60" hits="0"/>
            <line number="61" hits="0"/>
            <line number="62" hits="0"/>
            <line number="78" hits="0"/>
            <line number="79" hits="0"/>
            <line number="80" hits="0"/>
            <line number="81" hits="0"/>
            <line number="83" hits="0"/>
            <line number="84" hits="0"/>
            <line number="85" hits="0"/>
            <line number="86" hits="0"/>
            <line number="87" hits="0"/>
            <line number="88" hits="0"/>
            <line number="89" hits="0"/>
            <line number="90" hits="0"/>
            <line number="91" hits="0"/>
            <line number="92" hits="0"/>
            <line number="93" hits="0"/>
            <line number="95" hits="0"/>
            <line number="96" hits="0"/>
            <line number="98" hits="0"/>
            <line number="99" hits="0"/>
            <line number="101" hits="0"/>
            <line number="102" hits="0"/>
            <line number="103" hits="0"/>
            <line number="105" hits="0"/>
            <line number="106" hits="0"/>
            <line number="108" hits="0"/>
            <line number="109" hits="0"/>
            <line number="110" hits="0"/>
            <line number="112" hits="0"/>
            <line number="114" hits="0"/>
            <line number="116" hits="0"/>
            <line number="117" hits="0"/>
            <line number="118" hits="0"/>
            <line number="120" hits="0"/>
            <line number="121" hits="0"/>
            <line number="122" hits="0"/>
            <line number="123" hits="0"/>
            <line number="125" hits="0"/>
            <line number="126" hits="0"/>
            <line number="127" hits="0"/>
            <line number="128" hits="0"/>
            <line number="129" hits="0"/>
            <line number="130" hits="0"/>
            <line number="131" hits="0"/>
            <line number="132" hits="0"/>
            <line number="133" hits="0"/>
            <line number="134" hits="0"/>
            <line number="135" hits="0"/>
            <line number="137" hits="0"/>
            <line number="138" hits="0"/>
            <line number="139" hits="0"/>
            <line number="141" hits="0"/>
            <line number="143" hits="0"/>
            <line number="144" hits="0"/>
            <line number="145" hits="0"/>
            <line number="147" hits="0"/>
            <line number="149" hits="0"/>
            <line number="150" hits="0"/>
            <line number="151" hits="0"/>
            <line number="152" hits="0"/>
            <line number="153" hits="0"/>
            <line number="154" hits="0"/>
            <line number="155" hits="0"/>
            <line number="156" hits="0"/>
            <line number="157" hits="0"/>
            <line number="159" hits="0"/>
            <line number="160" hits="0"/>
            <line number="162" hits="0"/>
            <line number="163" hits="0"/>
            <line number="164" hits="0"/>
            <line number="166" hits="0"/>
            <line number="167" hits="0"/>
            <line number="168" hits="0"/>
            <line number="169" hits="0"/>
            <line number="170" hits="0"/>
            <line number="171" hits="0"/>
            <line number="172" hits="0"/>
            <line number="176" hits="0"/>
            <line number="177" hits="0"/>
          </lines>
        </class>
        <class name="care_managements_controller" filename="app/controllers/care_managements_controller.rb" line-rate="0.0" complexity="0">
          <methods/>
          <lines>
            <line number="3" hits="0"/>
            <line number="5" hits="0"/>
            <line number="6" hits="0"/>
            <line number="7" hits="0"/>
            <line number="8" hits="0"/>
            <line number="9" hits="0"/>
            <line number="10" hits="0"/>
            <line number="13" hits="0"/>
            <line number="14" hits="0"/>
            <line number="15" hits="0"/>
            <line number="16" hits="0"/>
            <line number="18" hits="0"/>
            <line number="19" hits="0"/>
            <line number="20" hits="0"/>
            <line number="21" hits="0"/>
            <line number="22" hits="0"/>
            <line number="23" hits="0"/>
            <line number="24" hits="0"/>
            <line number="25" hits="0"/>
            <line number="26" hits="0"/>
            <line number="27" hits="0"/>
            <line number="28" hits="0"/>
            <line number="29" hits="0"/>
            <line number="30" hits="0"/>
            <line number="33" hits="0"/>
            <line number="34" hits="0"/>
            <line number="35" hits="0"/>
            <line number="36" hits="0"/>
            <line number="37" hits="0"/>
            <line number="38" hits="0"/>
            <line number="39" hits="0"/>
            <line number="40" hits="0"/>
            <line number="41" hits="0"/>
            <line number="42" hits="0"/>
            <line number="43" hits="0"/>
            <line number="44" hits="0"/>
            <line number="45" hits="0"/>
            <line number="46" hits="0"/>
            <line number="47" hits="0"/>
            <line number="48" hits="0"/>
            <line number="51" hits="0"/>
            <line number="52" hits="0"/>
            <line number="53" hits="0"/>
            <line number="54" hits="0"/>
            <line number="55" hits="0"/>
            <line number="56" hits="0"/>
            <line number="57" hits="0"/>
            <line number="58" hits="0"/>
            <line number="59" hits="0"/>
            <line number="60" hits="0"/>
            <line number="62" hits="0"/>
            <line number="63" hits="0"/>
            <line number="64" hits="0"/>
            <line number="65" hits="0"/>
            <line number="68" hits="0"/>
            <line number="71" hits="0"/>
            <line number="72" hits="0"/>
            <line number="73" hits="0"/>
            <line number="74" hits="0"/>
            <line number="76" hits="0"/>
            <line number="77" hits="0"/>
            <line number="80" hits="0"/>
            <line number="81" hits="0"/>
            <line number="82" hits="0"/>
            <line number="83" hits="0"/>
            <line number="84" hits="0"/>
            <line number="85" hits="0"/>
            <line number="87" hits="0"/>
            <line number="88" hits="0"/>
            <line number="89" hits="0"/>
            <line number="90" hits="0"/>
            <line number="91" hits="0"/>
            <line number="92" hits="0"/>
            <line number="93" hits="0"/>
            <line number="96" hits="0"/>
            <line number="99" hits="0"/>
            <line number="100" hits="0"/>
            <line number="101" hits="0"/>
            <line number="102" hits="0"/>
            <line number="103" hits="0"/>
            <line number="104" hits="0"/>
            <line number="105" hits="0"/>
            <line number="106" hits="0"/>
            <line number="107" hits="0"/>
            <line number="108" hits="0"/>
            <line number="110" hits="0"/>
            <line number="111" hits="0"/>
            <line number="112" hits="0"/>
            <line number="115" hits="0"/>
            <line number="116" hits="0"/>
            <line number="117" hits="0"/>
            <line number="118" hits="0"/>
            <line number="119" hits="0"/>
            <line number="120" hits="0"/>
            <line number="121" hits="0"/>
            <line number="122" hits="0"/>
            <line number="123" hits="0"/>
            <line number="124" hits="0"/>
            <line number="125" hits="0"/>
            <line number="126" hits="0"/>
            <line number="127" hits="0"/>
            <line number="128" hits="0"/>
            <line number="129" hits="0"/>
            <line number="132" hits="0"/>
            <line number="133" hits="0"/>
            <line number="135" hits="0"/>
            <line number="136" hits="0"/>
            <line number="137" hits="0"/>
            <line number="138" hits="0"/>
            <line number="139" hits="0"/>
            <line number="141" hits="0"/>
            <line number="144" hits="0"/>
            <line number="145" hits="0"/>
            <line number="146" hits="0"/>
            <line number="149" hits="0"/>
            <line number="150" hits="0"/>
            <line number="151" hits="0"/>
            <line number="152" hits="0"/>
            <line number="153" hits="0"/>
            <line number="154" hits="0"/>
            <line number="155" hits="0"/>
            <line number="156" hits="0"/>
            <line number="157" hits="0"/>
            <line number="158" hits="0"/>
            <line number="159" hits="0"/>
            <line number="160" hits="0"/>
            <line number="161" hits="0"/>
            <line number="162" hits="0"/>
            <line number="163" hits="0"/>
            <line number="164" hits="0"/>
            <line number="165" hits="0"/>
            <line number="166" hits="0"/>
            <line number="167" hits="0"/>
            <line number="168" hits="0"/>
            <line number="170" hits="0"/>
            <line number="171" hits="0"/>
            <line number="172" hits="0"/>
            <line number="174" hits="0"/>
            <line number="175" hits="0"/>
            <line number="176" hits="0"/>
            <line number="177" hits="0"/>
            <line number="178" hits="0"/>
            <line number="179" hits="0"/>
            <line number="180" hits="0"/>
            <line number="181" hits="0"/>
            <line number="182" hits="0"/>
            <line number="183" hits="0"/>
            <line number="184" hits="0"/>
            <line number="185" hits="0"/>
            <line number="186" hits="0"/>
            <line number="187" hits="0"/>
            <line number="188" hits="0"/>
            <line number="189" hits="0"/>
            <line number="190" hits="0"/>
            <line number="191" hits="0"/>
            <line number="192" hits="0"/>
          </lines>
        </class>
        <class name="chronic_condition_management_goals_controller" filename="app/controllers/chronic_condition_management_goals_controller.rb" line-rate="0.0" complexity="0">
          <methods/>
          <lines>
            <line number="3" hits="0"/>
            <line number="5" hits="0"/>
            <line number="6" hits="0"/>
            <line number="7" hits="0"/>
            <line number="8" hits="0"/>
            <line number="9" hits="0"/>
            <line number="10" hits="0"/>
            <line number="13" hits="0"/>
            <line number="14" hits="0"/>
            <line number="15" hits="0"/>
            <line number="16" hits="0"/>
            <line number="18" hits="0"/>
            <line number="19" hits="0"/>
            <line number="20" hits="0"/>
            <line number="21" hits="0"/>
            <line number="22" hits="0"/>
            <line number="23" hits="0"/>
            <line number="24" hits="0"/>
            <line number="25" hits="0"/>
            <line number="26" hits="0"/>
            <line number="27" hits="0"/>
            <line number="28" hits="0"/>
            <line number="29" hits="0"/>
            <line number="30" hits="0"/>
            <line number="31" hits="0"/>
            <line number="32" hits="0"/>
            <line number="35" hits="0"/>
            <line number="36" hits="0"/>
            <line number="37" hits="0"/>
            <line number="38" hits="0"/>
            <line number="39" hits="0"/>
            <line number="40" hits="0"/>
            <line number="41" hits="0"/>
            <line number="42" hits="0"/>
            <line number="43" hits="0"/>
            <line number="44" hits="0"/>
            <line number="45" hits="0"/>
            <line number="46" hits="0"/>
            <line number="47" hits="0"/>
            <line number="48" hits="0"/>
            <line number="49" hits="0"/>
            <line number="50" hits="0"/>
            <line number="53" hits="0"/>
            <line number="54" hits="0"/>
            <line number="55" hits="0"/>
            <line number="56" hits="0"/>
            <line number="57" hits="0"/>
            <line number="58" hits="0"/>
            <line number="59" hits="0"/>
            <line number="60" hits="0"/>
            <line number="61" hits="0"/>
            <line number="62" hits="0"/>
            <line number="64" hits="0"/>
            <line number="65" hits="0"/>
            <line number="66" hits="0"/>
            <line number="67" hits="0"/>
            <line number="70" hits="0"/>
            <line number="73" hits="0"/>
            <line number="74" hits="0"/>
            <line number="75" hits="0"/>
            <line number="76" hits="0"/>
            <line number="78" hits="0"/>
            <line number="79" hits="0"/>
            <line number="82" hits="0"/>
            <line number="83" hits="0"/>
            <line number="84" hits="0"/>
            <line number="85" hits="0"/>
            <line number="86" hits="0"/>
            <line number="87" hits="0"/>
            <line number="89" hits="0"/>
            <line number="90" hits="0"/>
            <line number="91" hits="0"/>
            <line number="92" hits="0"/>
            <line number="93" hits="0"/>
            <line number="94" hits="0"/>
            <line number="95" hits="0"/>
            <line number="98" hits="0"/>
            <line number="101" hits="0"/>
            <line number="102" hits="0"/>
            <line number="103" hits="0"/>
            <line number="104" hits="0"/>
            <line number="105" hits="0"/>
            <line number="106" hits="0"/>
            <line number="107" hits="0"/>
            <line number="108" hits="0"/>
            <line number="109" hits="0"/>
            <line number="110" hits="0"/>
            <line number="111" hits="0"/>
            <line number="112" hits="0"/>
            <line number="113" hits="0"/>
            <line number="115" hits="0"/>
            <line number="116" hits="0"/>
            <line number="117" hits="0"/>
            <line number="120" hits="0"/>
            <line number="121" hits="0"/>
            <line number="122" hits="0"/>
            <line number="123" hits="0"/>
            <line number="124" hits="0"/>
            <line number="125" hits="0"/>
            <line number="126" hits="0"/>
            <line number="127" hits="0"/>
            <line number="128" hits="0"/>
            <line number="129" hits="0"/>
            <line number="130" hits="0"/>
            <line number="131" hits="0"/>
            <line number="132" hits="0"/>
            <line number="133" hits="0"/>
            <line number="134" hits="0"/>
            <line number="137" hits="0"/>
            <line number="138" hits="0"/>
            <line number="140" hits="0"/>
            <line number="141" hits="0"/>
            <line number="142" hits="0"/>
            <line number="143" hits="0"/>
            <line number="144" hits="0"/>
            <line number="145" hits="0"/>
            <line number="146" hits="0"/>
            <line number="147" hits="0"/>
            <line number="149" hits="0"/>
            <line number="152" hits="0"/>
            <line number="153" hits="0"/>
            <line number="154" hits="0"/>
            <line number="157" hits="0"/>
            <line number="158" hits="0"/>
            <line number="159" hits="0"/>
            <line number="160" hits="0"/>
            <line number="161" hits="0"/>
            <line number="162" hits="0"/>
            <line number="163" hits="0"/>
            <line number="164" hits="0"/>
            <line number="165" hits="0"/>
            <line number="166" hits="0"/>
            <line number="167" hits="0"/>
            <line number="168" hits="0"/>
            <line number="169" hits="0"/>
            <line number="170" hits="0"/>
            <line number="171" hits="0"/>
            <line number="172" hits="0"/>
            <line number="173" hits="0"/>
            <line number="174" hits="0"/>
            <line number="175" hits="0"/>
            <line number="176" hits="0"/>
            <line number="178" hits="0"/>
            <line number="179" hits="0"/>
            <line number="180" hits="0"/>
            <line number="181" hits="0"/>
          </lines>
        </class>
        <class name="chronic_condition_managements_controller" filename="app/controllers/chronic_condition_managements_controller.rb" line-rate="0.0" complexity="0">
          <methods/>
          <lines>
            <line number="3" hits="0"/>
            <line number="4" hits="0"/>
            <line number="5" hits="0"/>
            <line number="6" hits="0"/>
            <line number="7" hits="0"/>
            <line number="8" hits="0"/>
            <line number="9" hits="0"/>
            <line number="10" hits="0"/>
            <line number="11" hits="0"/>
            <line number="12" hits="0"/>
            <line number="14" hits="0"/>
            <line number="15" hits="0"/>
            <line number="16" hits="0"/>
            <line number="17" hits="0"/>
            <line number="18" hits="0"/>
            <line number="20" hits="0"/>
            <line number="21" hits="0"/>
            <line number="22" hits="0"/>
            <line number="23" hits="0"/>
            <line number="24" hits="0"/>
            <line number="25" hits="0"/>
            <line number="26" hits="0"/>
            <line number="27" hits="0"/>
            <line number="29" hits="0"/>
            <line number="30" hits="0"/>
            <line number="31" hits="0"/>
            <line number="32" hits="0"/>
            <line number="33" hits="0"/>
            <line number="34" hits="0"/>
            <line number="35" hits="0"/>
            <line number="36" hits="0"/>
            <line number="37" hits="0"/>
            <line number="38" hits="0"/>
            <line number="40" hits="0"/>
            <line number="41" hits="0"/>
            <line number="42" hits="0"/>
            <line number="43" hits="0"/>
            <line number="44" hits="0"/>
            <line number="45" hits="0"/>
            <line number="46" hits="0"/>
            <line number="47" hits="0"/>
            <line number="49" hits="0"/>
            <line number="50" hits="0"/>
            <line number="51" hits="0"/>
            <line number="52" hits="0"/>
            <line number="53" hits="0"/>
            <line number="54" hits="0"/>
            <line number="55" hits="0"/>
            <line number="56" hits="0"/>
            <line number="57" hits="0"/>
            <line number="59" hits="0"/>
            <line number="60" hits="0"/>
            <line number="61" hits="0"/>
            <line number="62" hits="0"/>
            <line number="63" hits="0"/>
            <line number="64" hits="0"/>
            <line number="65" hits="0"/>
            <line number="67" hits="0"/>
            <line number="68" hits="0"/>
            <line number="69" hits="0"/>
            <line number="70" hits="0"/>
            <line number="71" hits="0"/>
            <line number="72" hits="0"/>
            <line number="73" hits="0"/>
            <line number="74" hits="0"/>
            <line number="76" hits="0"/>
            <line number="77" hits="0"/>
            <line number="78" hits="0"/>
            <line number="79" hits="0"/>
            <line number="81" hits="0"/>
            <line number="82" hits="0"/>
            <line number="83" hits="0"/>
            <line number="84" hits="0"/>
            <line number="85" hits="0"/>
            <line number="87" hits="0"/>
            <line number="88" hits="0"/>
            <line number="89" hits="0"/>
            <line number="91" hits="0"/>
            <line number="92" hits="0"/>
            <line number="93" hits="0"/>
            <line number="94" hits="0"/>
          </lines>
        </class>
        <class name="compliances_controller" filename="app/controllers/compliances_controller.rb" line-rate="0.0" complexity="0">
          <methods/>
          <lines>
            <line number="3" hits="0"/>
            <line number="5" hits="0"/>
            <line number="6" hits="0"/>
            <line number="7" hits="0"/>
            <line number="8" hits="0"/>
            <line number="10" hits="0"/>
            <line number="11" hits="0"/>
            <line number="12" hits="0"/>
            <line number="13" hits="0"/>
            <line number="14" hits="0"/>
            <line number="15" hits="0"/>
            <line number="16" hits="0"/>
            <line number="17" hits="0"/>
            <line number="18" hits="0"/>
            <line number="19" hits="0"/>
            <line number="20" hits="0"/>
            <line number="21" hits="0"/>
            <line number="22" hits="0"/>
            <line number="23" hits="0"/>
            <line number="24" hits="0"/>
            <line number="25" hits="0"/>
            <line number="26" hits="0"/>
            <line number="28" hits="0"/>
            <line number="29" hits="0"/>
            <line number="30" hits="0"/>
            <line number="31" hits="0"/>
            <line number="32" hits="0"/>
            <line number="33" hits="0"/>
            <line number="34" hits="0"/>
            <line number="35" hits="0"/>
            <line number="36" hits="0"/>
            <line number="37" hits="0"/>
            <line number="38" hits="0"/>
            <line number="39" hits="0"/>
            <line number="40" hits="0"/>
            <line number="41" hits="0"/>
            <line number="42" hits="0"/>
            <line number="43" hits="0"/>
            <line number="45" hits="0"/>
            <line number="47" hits="0"/>
            <line number="48" hits="0"/>
            <line number="49" hits="0"/>
            <line number="50" hits="0"/>
            <line number="51" hits="0"/>
            <line number="52" hits="0"/>
            <line number="53" hits="0"/>
            <line number="54" hits="0"/>
            <line number="55" hits="0"/>
            <line number="56" hits="0"/>
            <line number="57" hits="0"/>
            <line number="58" hits="0"/>
            <line number="59" hits="0"/>
            <line number="60" hits="0"/>
            <line number="61" hits="0"/>
            <line number="62" hits="0"/>
            <line number="63" hits="0"/>
            <line number="64" hits="0"/>
            <line number="65" hits="0"/>
            <line number="67" hits="0"/>
            <line number="68" hits="0"/>
            <line number="69" hits="0"/>
            <line number="70" hits="0"/>
            <line number="72" hits="0"/>
            <line number="73" hits="0"/>
            <line number="74" hits="0"/>
            <line number="75" hits="0"/>
            <line number="77" hits="0"/>
            <line number="78" hits="0"/>
            <line number="79" hits="0"/>
            <line number="80" hits="0"/>
            <line number="81" hits="0"/>
            <line number="82" hits="0"/>
            <line number="83" hits="0"/>
            <line number="85" hits="0"/>
            <line number="86" hits="0"/>
            <line number="87" hits="0"/>
            <line number="88" hits="0"/>
            <line number="89" hits="0"/>
            <line number="90" hits="0"/>
            <line number="91" hits="0"/>
            <line number="93" hits="0"/>
            <line number="94" hits="0"/>
            <line number="95" hits="0"/>
            <line number="96" hits="0"/>
            <line number="97" hits="0"/>
            <line number="98" hits="0"/>
            <line number="99" hits="0"/>
            <line number="100" hits="0"/>
            <line number="101" hits="0"/>
            <line number="102" hits="0"/>
            <line number="103" hits="0"/>
            <line number="105" hits="0"/>
            <line number="106" hits="0"/>
            <line number="107" hits="0"/>
            <line number="110" hits="0"/>
            <line number="111" hits="0"/>
            <line number="112" hits="0"/>
            <line number="113" hits="0"/>
            <line number="114" hits="0"/>
            <line number="115" hits="0"/>
            <line number="116" hits="0"/>
            <line number="117" hits="0"/>
            <line number="118" hits="0"/>
            <line number="119" hits="0"/>
            <line number="120" hits="0"/>
            <line number="121" hits="0"/>
            <line number="122" hits="0"/>
            <line number="123" hits="0"/>
            <line number="126" hits="0"/>
            <line number="127" hits="0"/>
            <line number="129" hits="0"/>
            <line number="130" hits="0"/>
            <line number="131" hits="0"/>
            <line number="132" hits="0"/>
            <line number="133" hits="0"/>
            <line number="135" hits="0"/>
            <line number="137" hits="0"/>
            <line number="138" hits="0"/>
            <line number="139" hits="0"/>
            <line number="141" hits="0"/>
            <line number="142" hits="0"/>
            <line number="143" hits="0"/>
            <line number="144" hits="0"/>
            <line number="145" hits="0"/>
            <line number="146" hits="0"/>
            <line number="147" hits="0"/>
            <line number="148" hits="0"/>
            <line number="149" hits="0"/>
            <line number="150" hits="0"/>
            <line number="151" hits="0"/>
            <line number="152" hits="0"/>
            <line number="153" hits="0"/>
            <line number="154" hits="0"/>
            <line number="155" hits="0"/>
            <line number="156" hits="0"/>
            <line number="158" hits="0"/>
            <line number="159" hits="0"/>
            <line number="160" hits="0"/>
            <line number="162" hits="0"/>
          </lines>
        </class>
        <class name="custom_templates_controller" filename="app/controllers/custom_templates_controller.rb" line-rate="0.0" complexity="0">
          <methods/>
          <lines>
            <line number="3" hits="0"/>
            <line number="4" hits="0"/>
            <line number="5" hits="0"/>
            <line number="6" hits="0"/>
            <line number="7" hits="0"/>
            <line number="10" hits="0"/>
            <line number="11" hits="0"/>
            <line number="12" hits="0"/>
            <line number="14" hits="0"/>
            <line number="17" hits="0"/>
            <line number="18" hits="0"/>
            <line number="19" hits="0"/>
            <line number="20" hits="0"/>
            <line number="23" hits="0"/>
            <line number="24" hits="0"/>
            <line number="25" hits="0"/>
            <line number="26" hits="0"/>
            <line number="27" hits="0"/>
            <line number="28" hits="0"/>
            <line number="29" hits="0"/>
            <line number="31" hits="0"/>
            <line number="32" hits="0"/>
            <line number="33" hits="0"/>
            <line number="34" hits="0"/>
            <line number="35" hits="0"/>
            <line number="36" hits="0"/>
            <line number="37" hits="0"/>
            <line number="40" hits="0"/>
            <line number="41" hits="0"/>
            <line number="42" hits="0"/>
            <line number="43" hits="0"/>
            <line number="44" hits="0"/>
            <line number="45" hits="0"/>
            <line number="48" hits="0"/>
            <line number="49" hits="0"/>
            <line number="50" hits="0"/>
            <line number="51" hits="0"/>
            <line number="52" hits="0"/>
            <line number="53" hits="0"/>
            <line number="54" hits="0"/>
            <line number="55" hits="0"/>
            <line number="56" hits="0"/>
            <line number="57" hits="0"/>
            <line number="58" hits="0"/>
            <line number="59" hits="0"/>
            <line number="62" hits="0"/>
            <line number="63" hits="0"/>
            <line number="64" hits="0"/>
            <line number="65" hits="0"/>
            <line number="66" hits="0"/>
            <line number="67" hits="0"/>
            <line number="68" hits="0"/>
            <line number="69" hits="0"/>
            <line number="70" hits="0"/>
            <line number="71" hits="0"/>
            <line number="72" hits="0"/>
            <line number="75" hits="0"/>
            <line number="76" hits="0"/>
            <line number="78" hits="0"/>
            <line number="79" hits="0"/>
            <line number="80" hits="0"/>
            <line number="81" hits="0"/>
            <line number="82" hits="0"/>
            <line number="84" hits="0"/>
            <line number="86" hits="0"/>
            <line number="87" hits="0"/>
            <line number="88" hits="0"/>
            <line number="89" hits="0"/>
            <line number="90" hits="0"/>
            <line number="91" hits="0"/>
            <line number="92" hits="0"/>
            <line number="93" hits="0"/>
            <line number="94" hits="0"/>
            <line number="96" hits="0"/>
            <line number="99" hits="0"/>
            <line number="100" hits="0"/>
            <line number="101" hits="0"/>
            <line number="104" hits="0"/>
            <line number="105" hits="0"/>
            <line number="106" hits="0"/>
            <line number="107" hits="0"/>
            <line number="108" hits="0"/>
            <line number="109" hits="0"/>
            <line number="110" hits="0"/>
            <line number="111" hits="0"/>
            <line number="112" hits="0"/>
            <line number="113" hits="0"/>
            <line number="114" hits="0"/>
            <line number="115" hits="0"/>
            <line number="116" hits="0"/>
            <line number="117" hits="0"/>
          </lines>
        </class>
        <class name="dashboard_new_controller" filename="app/controllers/dashboard_new_controller.rb" line-rate="0.0" complexity="0">
          <methods/>
          <lines>
            <line number="3" hits="0"/>
            <line number="4" hits="0"/>
            <line number="6" hits="0"/>
            <line number="7" hits="0"/>
            <line number="8" hits="0"/>
            <line number="9" hits="0"/>
            <line number="11" hits="0"/>
            <line number="12" hits="0"/>
            <line number="13" hits="0"/>
            <line number="14" hits="0"/>
            <line number="15" hits="0"/>
            <line number="16" hits="0"/>
            <line number="17" hits="0"/>
            <line number="18" hits="0"/>
            <line number="19" hits="0"/>
            <line number="20" hits="0"/>
            <line number="21" hits="0"/>
            <line number="22" hits="0"/>
            <line number="23" hits="0"/>
          </lines>
        </class>
        <class name="application_controller" filename="app/controllers/devise_token_auth/application_controller.rb" line-rate="0.0" complexity="0">
          <methods/>
          <lines>
            <line number="3" hits="0"/>
            <line number="4" hits="0"/>
            <line number="5" hits="0"/>
            <line number="7" hits="0"/>
            <line number="8" hits="0"/>
            <line number="9" hits="0"/>
            <line number="10" hits="0"/>
            <line number="12" hits="0"/>
            <line number="13" hits="0"/>
            <line number="14" hits="0"/>
            <line number="15" hits="0"/>
            <line number="17" hits="0"/>
            <line number="18" hits="0"/>
            <line number="19" hits="0"/>
            <line number="21" hits="0"/>
            <line number="23" hits="0"/>
            <line number="24" hits="0"/>
            <line number="25" hits="0"/>
            <line number="27" hits="0"/>
            <line number="28" hits="0"/>
            <line number="29" hits="0"/>
            <line number="30" hits="0"/>
            <line number="31" hits="0"/>
            <line number="36" hits="0"/>
            <line number="37" hits="0"/>
            <line number="38" hits="0"/>
            <line number="39" hits="0"/>
            <line number="41" hits="0"/>
            <line number="42" hits="0"/>
            <line number="43" hits="0"/>
            <line number="44" hits="0"/>
            <line number="45" hits="0"/>
            <line number="46" hits="0"/>
[...]
            <line number="11" hits="24"/>
            <line number="12" hits="24"/>
            <line number="15" hits="1"/>
            <line number="16" hits="14"/>
            <line number="17" hits="14"/>
            <line number="18" hits="14"/>
            <line number="19" hits="14"/>
            <line number="22" hits="1"/>
            <line number="24" hits="1"/>
            <line number="25" hits="10"/>
            <line number="28" hits="1"/>
            <line number="29" hits="0"/>
            <line number="32" hits="1"/>
            <line number="33" hits="7"/>
            <line number="34" hits="7"/>
            <line number="35" hits="7"/>
            <line number="38" hits="1"/>
            <line number="39" hits="23"/>
            <line number="40" hits="23"/>
            <line number="41" hits="23"/>
            <line number="44" hits="1"/>
            <line number="45" hits="14"/>
            <line number="47" hits="6"/>
            <line number="50" hits="1"/>
            <line number="51" hits="14"/>
            <line number="54" hits="1"/>
            <line number="55" hits="14"/>
            <line number="58" hits="1"/>
            <line number="59" hits="9"/>
            <line number="60" hits="13"/>
            <line number="61" hits="13"/>
            <line number="62" hits="13"/>
            <line number="63" hits="13"/>
            <line number="67" hits="1"/>
            <line number="68" hits="18"/>
            <line number="70" hits="37"/>
            <line number="71" hits="37"/>
            <line number="72" hits="37"/>
            <line number="73" hits="37"/>
            <line number="77" hits="1"/>
            <line number="78" hits="37"/>
            <line number="80" hits="15"/>
            <line number="83" hits="1"/>
            <line number="84" hits="37"/>
            <line number="86" hits="15"/>
            <line number="89" hits="1"/>
            <line number="90" hits="5"/>
            <line number="91" hits="10"/>
            <line number="92" hits="10"/>
            <line number="93" hits="10"/>
          </lines>
        </class>
        <class name="create_service" filename="app/services/goal_duplication/create_service.rb" line-rate="1.0" complexity="0">
          <methods/>
          <lines>
            <line number="5" hits="1"/>
            <line number="6" hits="1"/>
            <line number="7" hits="1"/>
            <line number="9" hits="1"/>
            <line number="10" hits="7"/>
            <line number="11" hits="7"/>
            <line number="14" hits="1"/>
            <line number="15" hits="7"/>
            <line number="16" hits="2"/>
            <line number="17" hits="5"/>
            <line number="18" hits="2"/>
            <line number="19" hits="3"/>
            <line number="20" hits="2"/>
            <line number="22" hits="1"/>
            <line number="26" hits="1"/>
            <line number="27" hits="2"/>
            <line number="30" hits="1"/>
            <line number="31" hits="2"/>
            <line number="34" hits="1"/>
            <line number="35" hits="2"/>
          </lines>
        </class>
        <class name="goal_duplication_by_custom_template_id_service" filename="app/services/goal_duplication/goal_duplication_by_custom_template_id_service.rb" line-rate="1.0" complexity="0">
          <methods/>
          <lines>
            <line number="5" hits="1"/>
            <line number="6" hits="1"/>
            <line number="7" hits="1"/>
            <line number="9" hits="1"/>
            <line number="10" hits="34"/>
            <line number="13" hits="1"/>
            <line number="14" hits="7"/>
            <line number="15" hits="6"/>
            <line number="19" hits="6"/>
            <line number="20" hits="6"/>
          </lines>
        </class>
        <class name="goal_duplication_by_goal_id_service" filename="app/services/goal_duplication/goal_duplication_by_goal_id_service.rb" line-rate="1.0" complexity="0">
          <methods/>
          <lines>
            <line number="5" hits="1"/>
            <line number="6" hits="1"/>
            <line number="7" hits="1"/>
            <line number="9" hits="1"/>
            <line number="10" hits="62"/>
            <line number="13" hits="1"/>
            <line number="14" hits="11"/>
            <line number="15" hits="10"/>
            <line number="19" hits="10"/>
            <line number="20" hits="10"/>
          </lines>
        </class>
        <class name="goal_duplication_by_milestone_service" filename="app/services/goal_duplication/goal_duplication_by_milestone_service.rb" line-rate="1.0" complexity="0">
          <methods/>
          <lines>
            <line number="5" hits="1"/>
            <line number="6" hits="1"/>
            <line number="7" hits="1"/>
            <line number="9" hits="1"/>
            <line number="10" hits="32"/>
            <line number="13" hits="1"/>
            <line number="14" hits="5"/>
            <line number="15" hits="5"/>
            <line number="16" hits="5"/>
            <line number="17" hits="5"/>
            <line number="18" hits="5"/>
            <line number="21" hits="1"/>
            <line number="22" hits="5"/>
            <line number="25" hits="1"/>
            <line number="27" hits="5"/>
            <line number="34" hits="1"/>
            <line number="35" hits="5"/>
            <line number="37" hits="3"/>
            <line number="39" hits="1"/>
            <line number="41" hits="1"/>
          </lines>
        </class>
        <class name="create_service" filename="app/services/user_actions/create_service.rb" line-rate="0.0" complexity="0">
          <methods/>
          <lines>
            <line number="3" hits="0"/>
            <line number="4" hits="0"/>
            <line number="5" hits="0"/>
            <line number="7" hits="0"/>
            <line number="8" hits="0"/>
            <line number="9" hits="0"/>
            <line number="10" hits="0"/>
            <line number="11" hits="0"/>
            <line number="12" hits="0"/>
            <line number="13" hits="0"/>
            <line number="14" hits="0"/>
            <line number="15" hits="0"/>
            <line number="16" hits="0"/>
            <line number="17" hits="0"/>
            <line number="18" hits="0"/>
            <line number="19" hits="0"/>
            <line number="20" hits="0"/>
            <line number="21" hits="0"/>
            <line number="22" hits="0"/>
            <line number="23" hits="0"/>
            <line number="25" hits="0"/>
            <line number="26" hits="0"/>
            <line number="27" hits="0"/>
            <line number="29" hits="0"/>
            <line number="30" hits="0"/>
            <line number="31" hits="0"/>
            <line number="33" hits="0"/>
            <line number="34" hits="0"/>
            <line number="36" hits="0"/>
            <line number="37" hits="0"/>
            <line number="41" hits="0"/>
            <line number="42" hits="0"/>
            <line number="43" hits="0"/>
            <line number="44" hits="0"/>
            <line number="46" hits="0"/>
            <line number="47" hits="0"/>
            <line number="48" hits="0"/>
            <line number="49" hits="0"/>
            <line number="51" hits="0"/>
            <line number="52" hits="0"/>
            <line number="53" hits="0"/>
            <line number="56" hits="0"/>
            <line number="57" hits="0"/>
            <line number="58" hits="0"/>
            <line number="59" hits="0"/>
            <line number="60" hits="0"/>
            <line number="61" hits="0"/>
            <line number="62" hits="0"/>
            <line number="63" hits="0"/>
            <line number="64" hits="0"/>
            <line number="65" hits="0"/>
            <line number="66" hits="0"/>
            <line number="68" hits="0"/>
            <line number="69" hits="0"/>
            <line number="70" hits="0"/>
            <line number="71" hits="0"/>
            <line number="72" hits="0"/>
            <line number="73" hits="0"/>
            <line number="74" hits="0"/>
            <line number="75" hits="0"/>
            <line number="76" hits="0"/>
            <line number="77" hits="0"/>
            <line number="78" hits="0"/>
            <line number="79" hits="0"/>
            <line number="80" hits="0"/>
            <line number="81" hits="0"/>
            <line number="82" hits="0"/>
            <line number="83" hits="0"/>
            <line number="84" hits="0"/>
            <line number="85" hits="0"/>
            <line number="86" hits="0"/>
            <line number="87" hits="0"/>
            <line number="88" hits="0"/>
            <line number="89" hits="0"/>
            <line number="91" hits="0"/>
            <line number="92" hits="0"/>
            <line number="93" hits="0"/>
            <line number="94" hits="0"/>
            <line number="95" hits="0"/>
            <line number="106" hits="0"/>
            <line number="107" hits="0"/>
            <line number="108" hits="0"/>
            <line number="109" hits="0"/>
            <line number="110" hits="0"/>
            <line number="111" hits="0"/>
            <line number="112" hits="0"/>
            <line number="113" hits="0"/>
            <line number="115" hits="0"/>
            <line number="116" hits="0"/>
            <line number="117" hits="0"/>
            <line number="118" hits="0"/>
            <line number="119" hits="0"/>
            <line number="120" hits="0"/>
            <line number="121" hits="0"/>
            <line number="122" hits="0"/>
            <line number="123" hits="0"/>
            <line number="124" hits="0"/>
            <line number="125" hits="0"/>
            <line number="126" hits="0"/>
            <line number="127" hits="0"/>
            <line number="128" hits="0"/>
            <line number="129" hits="0"/>
            <line number="130" hits="0"/>
            <line number="131" hits="0"/>
            <line number="132" hits="0"/>
            <line number="133" hits="0"/>
            <line number="134" hits="0"/>
            <line number="136" hits="0"/>
            <line number="137" hits="0"/>
            <line number="138" hits="0"/>
            <line number="139" hits="0"/>
            <line number="140" hits="0"/>
            <line number="141" hits="0"/>
            <line number="142" hits="0"/>
            <line number="143" hits="0"/>
            <line number="144" hits="0"/>
            <line number="146" hits="0"/>
            <line number="147" hits="0"/>
            <line number="149" hits="0"/>
            <line number="150" hits="0"/>
            <line number="151" hits="0"/>
            <line number="152" hits="0"/>
            <line number="153" hits="0"/>
            <line number="154" hits="0"/>
            <line number="155" hits="0"/>
            <line number="157" hits="0"/>
            <line number="159" hits="0"/>
            <line number="160" hits="0"/>
            <line number="161" hits="0"/>
            <line number="162" hits="0"/>
            <line number="163" hits="0"/>
            <line number="164" hits="0"/>
            <line number="166" hits="0"/>
            <line number="167" hits="0"/>
            <line number="169" hits="0"/>
            <line number="170" hits="0"/>
            <line number="171" hits="0"/>
            <line number="172" hits="0"/>
            <line number="173" hits="0"/>
            <line number="174" hits="0"/>
            <line number="175" hits="0"/>
            <line number="176" hits="0"/>
            <line number="177" hits="0"/>
            <line number="178" hits="0"/>
            <line number="179" hits="0"/>
            <line number="180" hits="0"/>
            <line number="181" hits="0"/>
            <line number="182" hits="0"/>
            <line number="183" hits="0"/>
            <line number="184" hits="0"/>
            <line number="185" hits="0"/>
            <line number="186" hits="0"/>
            <line number="187" hits="0"/>
            <line number="188" hits="0"/>
            <line number="189" hits="0"/>
            <line number="190" hits="0"/>
            <line number="191" hits="0"/>
            <line number="193" hits="0"/>
            <line number="194" hits="0"/>
            <line number="195" hits="0"/>
            <line number="196" hits="0"/>
            <line number="197" hits="0"/>
            <line number="198" hits="0"/>
          </lines>
        </class>
        <class name="create_service_new_user" filename="app/services/user_actions/create_service_new_user.rb" line-rate="0.0" complexity="0">
          <methods/>
          <lines>
            <line number="3" hits="0"/>
            <line number="4" hits="0"/>
            <line number="5" hits="0"/>
            <line number="7" hits="0"/>
            <line number="8" hits="0"/>
            <line number="9" hits="0"/>
            <line number="11" hits="0"/>
            <line number="12" hits="0"/>
            <line number="13" hits="0"/>
            <line number="14" hits="0"/>
            <line number="15" hits="0"/>
            <line number="16" hits="0"/>
            <line number="17" hits="0"/>
            <line number="18" hits="0"/>
            <line number="20" hits="0"/>
            <line number="21" hits="0"/>
            <line number="22" hits="0"/>
            <line number="23" hits="0"/>
            <line number="24" hits="0"/>
            <line number="25" hits="0"/>
            <line number="27" hits="0"/>
            <line number="28" hits="0"/>
            <line number="29" hits="0"/>
            <line number="31" hits="0"/>
            <line number="32" hits="0"/>
            <line number="33" hits="0"/>
            <line number="34" hits="0"/>
          </lines>
        </class>
        <class name="fetch_counters_summary" filename="app/services/user_actions/fetch_counters_summary.rb" line-rate="0.0" complexity="0">
          <methods/>
          <lines>
            <line number="3" hits="0"/>
            <line number="4" hits="0"/>
            <line number="5" hits="0"/>
            <line number="7" hits="0"/>
            <line number="8" hits="0"/>
            <line number="9" hits="0"/>
            <line number="11" hits="0"/>
            <line number="12" hits="0"/>
            <line number="13" hits="0"/>
            <line number="14" hits="0"/>
            <line number="15" hits="0"/>
            <line number="16" hits="0"/>
            <line number="17" hits="0"/>
            <line number="19" hits="0"/>
            <line number="20" hits="0"/>
            <line number="21" hits="0"/>
            <line number="23" hits="0"/>
            <line number="24" hits="0"/>
            <line number="25" hits="0"/>
            <line number="26" hits="0"/>
            <line number="27" hits="0"/>
            <line number="28" hits="0"/>
            <line number="30" hits="0"/>
            <line number="31" hits="0"/>
            <line number="32" hits="0"/>
            <line number="34" hits="0"/>
            <line number="35" hits="0"/>
            <line number="37" hits="0"/>
            <line number="38" hits="0"/>
            <line number="39" hits="0"/>
            <line number="40" hits="0"/>
            <line number="41" hits="0"/>
            <line number="42" hits="0"/>
            <line number="43" hits="0"/>
            <line number="44" hits="0"/>
            <line number="45" hits="0"/>
            <line number="46" hits="0"/>
            <line number="48" hits="0"/>
            <line number="49" hits="0"/>
            <line number="50" hits="0"/>
            <line number="51" hits="0"/>
            <line number="52" hits="0"/>
            <line number="53" hits="0"/>
            <line number="55" hits="0"/>
            <line number="56" hits="0"/>
            <line number="57" hits="0"/>
            <line number="58" hits="0"/>
            <line number="60" hits="0"/>
            <line number="61" hits="0"/>
            <line number="62" hits="0"/>
            <line number="64" hits="0"/>
            <line number="65" hits="0"/>
            <line number="66" hits="0"/>
            <line number="67" hits="0"/>
            <line number="68" hits="0"/>
            <line number="69" hits="0"/>
            <line number="70" hits="0"/>
            <line number="71" hits="0"/>
            <line number="72" hits="0"/>
          </lines>
        </class>
        <class name="fetch_listing_service" filename="app/services/user_actions/fetch_listing_service.rb" line-rate="0.0" complexity="0">
          <methods/>
          <lines>
            <line number="3" hits="0"/>
            <line number="4" hits="0"/>
            <line number="5" hits="0"/>
            <line number="7" hits="0"/>
            <line number="8" hits="0"/>
            <line number="9" hits="0"/>
            <line number="10" hits="0"/>
            <line number="11" hits="0"/>
            <line number="12" hits="0"/>
            <line number="13" hits="0"/>
            <line number="15" hits="0"/>
            <line number="16" hits="0"/>
            <line number="18" hits="0"/>
            <line number="19" hits="0"/>
            <line number="21" hits="0"/>
            <line number="23" hits="0"/>
            <line number="24" hits="0"/>
            <line number="25" hits="0"/>
            <line number="26" hits="0"/>
            <line number="27" hits="0"/>
            <line number="28" hits="0"/>
            <line number="29" hits="0"/>
            <line number="30" hits="0"/>
            <line number="31" hits="0"/>
            <line number="32" hits="0"/>
            <line number="33" hits="0"/>
            <line number="34" hits="0"/>
            <line number="36" hits="0"/>
            <line number="37" hits="0"/>
            <line number="38" hits="0"/>
            <line number="40" hits="0"/>
            <line number="41" hits="0"/>
            <line number="42" hits="0"/>
            <line number="43" hits="0"/>
            <line number="44" hits="0"/>
            <line number="45" hits="0"/>
            <line number="46" hits="0"/>
            <line number="47" hits="0"/>
            <line number="49" hits="0"/>
            <line number="50" hits="0"/>
            <line number="52" hits="0"/>
            <line number="53" hits="0"/>
            <line number="54" hits="0"/>
            <line number="55" hits="0"/>
            <line number="56" hits="0"/>
            <line number="58" hits="0"/>
            <line number="59" hits="0"/>
            <line number="60" hits="0"/>
            <line number="61" hits="0"/>
            <line number="62" hits="0"/>
            <line number="63" hits="0"/>
            <line number="64" hits="0"/>
            <line number="65" hits="0"/>
            <line number="66" hits="0"/>
            <line number="67" hits="0"/>
            <line number="69" hits="0"/>
            <line number="70" hits="0"/>
            <line number="71" hits="0"/>
            <line number="72" hits="0"/>
            <line number="73" hits="0"/>
            <line number="74" hits="0"/>
            <line number="75" hits="0"/>
            <line number="76" hits="0"/>
            <line number="77" hits="0"/>
            <line number="79" hits="0"/>
            <line number="80" hits="0"/>
            <line number="81" hits="0"/>
            <line number="82" hits="0"/>
            <line number="83" hits="0"/>
            <line number="84" hits="0"/>
            <line number="86" hits="0"/>
            <line number="87" hits="0"/>
            <line number="88" hits="0"/>
            <line number="90" hits="0"/>
            <line number="91" hits="0"/>
            <line number="92" hits="0"/>
            <line number="93" hits="0"/>
            <line number="94" hits="0"/>
            <line number="95" hits="0"/>
            <line number="96" hits="0"/>
          </lines>
        </class>
      </classes>
    </package>
  </packages>
</coverage>